<!DOCTYPE html PUBLIC "-//W3C//DTD XHTML 1.1//EN" "http://www.w3.org/TR/xhtml11/DTD/xhtml11.dtd">
<html xmlns="http://www.w3.org/1999/xhtml">
<head>
<meta http-equiv="content-type" content="text/html; charset=UTF-8"/>
<title>TestNG Report</title>
<style type="text/css">table {margin-bottom:10px;border-collapse:collapse;empty-cells:show}th,td {border:1px solid #009;padding:.25em .5em}th {vertical-align:bottom}td {vertical-align:top}table a {font-weight:bold}.stripe td {background-color: #E6EBF9}.num {text-align:right}.passedodd td {background-color: #3F3}.passedeven td {background-color: #0A0}.skippedodd td {background-color: #DDD}.skippedeven td {background-color: #CCC}.failedodd td,.attn {background-color: #F33}.failedeven td,.stripe .attn {background-color: #D00}.stacktrace {white-space:pre;font-family:monospace}.totop {font-size:85%;text-align:center;border-bottom:2px solid #000}.invisible {display:none}</style>
</head>
<body>
<table>
<tr><th>Test</th><th># Passed</th><th># Skipped</th><th># Failed</th><th>Time (ms)</th><th>Included Groups</th><th>Excluded Groups</th></tr>
<tr><th colspan="7">ecommercesuite</th></tr>
<tr><td><a href="#t0">TC_Logintest_001</a></td><td class="num">0</td><td class="num">0</td><td class="num attn">1</td><td class="num">22,638</td><td></td><td></td></tr>
<tr class="stripe"><td><a href="#t1">TC_CustmrSrchByEmail_004</a></td><td class="num">1</td><td class="num">0</td><td class="num">0</td><td class="num">43,124</td><td></td><td></td></tr>
<tr><td><a href="#t2">TC_SrchCustByName_005</a></td><td class="num">1</td><td class="num">0</td><td class="num">0</td><td class="num">56,042</td><td></td><td></td></tr>
<tr class="stripe"><td><a href="#t3">TC_AdnwCust_003</a></td><td class="num">0</td><td class="num">0</td><td class="num attn">1</td><td class="num">61,184</td><td></td><td></td></tr>
<tr><th>Total</th><th class="num">2</th><th class="num">0</th><th class="num attn">2</th><th class="num">182,988</th><th colspan="2"></th></tr>
</table>
<table id='summary'><thead><tr><th>Class</th><th>Method</th><th>Start</th><th>Time (ms)</th></tr></thead><tbody><tr><th colspan="4">ecommercesuite</th></tr></tbody><tbody id="t0"><tr><th colspan="4">TC_Logintest_001 &#8212; failed</th></tr><tr class="failedeven"><td rowspan="1">com.ecommerce.testcases.TC_Logintest_001</td><td><a href="#m0">logintest</a></td><td rowspan="1">1606955930847</td><td rowspan="1">11329</td></tr></tbody>
<tbody id="t1"><tr><th colspan="4">TC_CustmrSrchByEmail_004 &#8212; passed</th></tr><tr class="passedeven"><td rowspan="1">com.ecommerce.testcases.TC_CustmrSrchByEmail_004</td><td><a href="#m1">SrchCustmrByEmail</a></td><td rowspan="1">1606955932237</td><td rowspan="1">30719</td></tr></tbody>
<tbody id="t2"><tr><th colspan="4">TC_SrchCustByName_005 &#8212; passed</th></tr><tr class="passedeven"><td rowspan="1">com.ecommerce.testcases.TC_SrchCustByName_005</td><td><a href="#m2">srchcustomerbyname</a></td><td rowspan="1">1606955931597</td><td rowspan="1">44725</td></tr></tbody>
<tbody id="t3"><tr><th colspan="4">TC_AdnwCust_003 &#8212; failed</th></tr><tr class="failedeven"><td rowspan="1">com.ecommerce.testcases.TC_AdnwCust_003</td><td><a href="#m3">addnewCust</a></td><td rowspan="1">1606955932260</td><td rowspan="1">49307</td></tr></tbody>
</table>
<h2>TC_Logintest_001</h2><h3 id="m0">com.ecommerce.testcases.TC_Logintest_001#logintest</h3><table class="result"><tr><th>Exception</th></tr><tr><td><div class="stacktrace">java.lang.AssertionError: expected [true] but found [false]
	at com.ecommerce.testcases.TC_Logintest_001.logintest(TC_Logintest_001.java:39)
	at java.util.concurrent.FutureTask.run(Unknown Source)
	at java.util.concurrent.ThreadPoolExecutor.runWorker(Unknown Source)
	at java.util.concurrent.ThreadPoolExecutor$Worker.run(Unknown Source)
	at java.lang.Thread.run(Unknown Source)
... Removed 20 stack frames</div></td></tr></table><p class="totop"><a href="#summary">back to summary</a></p>
<h2>TC_CustmrSrchByEmail_004</h2><h3 id="m1">com.ecommerce.testcases.TC_CustmrSrchByEmail_004#SrchCustmrByEmail</h3><table class="result"><tr><th class="invisible"/></tr></table><p class="totop"><a href="#summary">back to summary</a></p>
<h2>TC_SrchCustByName_005</h2><h3 id="m2">com.ecommerce.testcases.TC_SrchCustByName_005#srchcustomerbyname</h3><table class="result"><tr><th class="invisible"/></tr></table><p class="totop"><a href="#summary">back to summary</a></p>
<h2>TC_AdnwCust_003</h2><h3 id="m3">com.ecommerce.testcases.TC_AdnwCust_003#addnewCust</h3><table class="result"><tr><th>Exception</th></tr><tr><td><div class="stacktrace">org.openqa.selenium.ElementNotInteractableException: element not interactable
  (Session info: chrome=87.0.4280.66)
Build info: version: &apos;4.0.0-alpha-5&apos;, revision: &apos;b3a0d621cc&apos;
System info: host: &apos;LAPTOP-BFUTEFC0&apos;, ip: &apos;192.168.1.161&apos;, os.name: &apos;Windows 10&apos;, os.arch: &apos;amd64&apos;, os.version: &apos;10.0&apos;, java.version: &apos;1.8.0_271&apos;
Driver info: org.openqa.selenium.chrome.ChromeDriver
Capabilities {acceptInsecureCerts: false, browserName: chrome, browserVersion: 87.0.4280.66, chrome: {chromedriverVersion: 87.0.4280.20 (c99e81631faa0..., userDataDir: C:\Users\prasa\AppData\Loca...}, goog:chromeOptions: {debuggerAddress: localhost:50721}, javascriptEnabled: true, networkConnectionEnabled: false, pageLoadStrategy: normal, platform: WINDOWS, platformName: WINDOWS, proxy: Proxy(), setWindowRect: true, strictFileInteractability: false, timeouts: {implicit: 0, pageLoad: 300000, script: 30000}, unhandledPromptBehavior: dismiss and notify, webauthn:virtualAuthenticators: true}
Session ID: a53496f965fd3c0c056b52d07dcb6a21
	at org.openqa.selenium.remote.codec.w3c.W3CHttpResponseCodec.createException(W3CHttpResponseCodec.java:196)
	at org.openqa.selenium.remote.codec.w3c.W3CHttpResponseCodec.decode(W3CHttpResponseCodec.java:129)
	at org.openqa.selenium.remote.codec.w3c.W3CHttpResponseCodec.decode(W3CHttpResponseCodec.java:53)
	at org.openqa.selenium.remote.HttpCommandExecutor.execute(HttpCommandExecutor.java:161)
	at org.openqa.selenium.remote.service.DriverCommandExecutor.execute(DriverCommandExecutor.java:83)
	at org.openqa.selenium.remote.RemoteWebDriver.execute(RemoteWebDriver.java:582)
	at org.openqa.selenium.remote.RemoteWebElement.execute(RemoteWebElement.java:316)
	at org.openqa.selenium.remote.RemoteWebElement.click(RemoteWebElement.java:85)
	at org.openqa.selenium.support.pagefactory.internal.LocatingElementHandler.invoke(LocatingElementHandler.java:52)
	at com.sun.proxy.$Proxy15.click(Unknown Source)
	at com.ecommerce.pageObjects.AdnwCustmr.lnkCustmr1(AdnwCustmr.java:102)
	at com.ecommerce.testcases.TC_AdnwCust_003.addnewCust(TC_AdnwCust_003.java:31)
	at java.util.concurrent.FutureTask.run(Unknown Source)
	at java.util.concurrent.ThreadPoolExecutor.runWorker(Unknown Source)
	at java.util.concurrent.ThreadPoolExecutor$Worker.run(Unknown Source)
	at java.lang.Thread.run(Unknown Source)
... Removed 24 stack frames</div></td></tr></table><p class="totop"><a href="#summary">back to summary</a></p>
</body>
</html>
